2025-12-03 01:50:50, MOVE, v:1, k:poo@agenda, mode:DOWN
2025-12-03 01:50:51, MOVE, v:1, k:poo@agenda, mode:PICK
2025-12-03 01:50:54, EXEC, v:1, k:poo@agenda, mode:FULL, rate:0, size:0
2025-12-03 11:00:01, SELF, v:1, k:poo@agenda
2025-12-03 11:01:34, MOVE, v:1, k:poo@agenda, mode:PICK
2025-12-03 11:01:35, EXEC, v:1, k:poo@agenda, mode:FULL, rate:0, size:24
2025-12-03 11:23:25, EXEC, v:1, k:poo@agenda, mode:FULL, rate:0, size:43
2025-12-03 11:23:26, EXEC, v:1, k:poo@agenda, mode:FULL, rate:0
2025-12-03 11:23:26, EXEC, v:1, k:poo@agenda, mode:FULL, rate:0
2025-12-03 11:23:26, EXEC, v:1, k:poo@agenda, mode:FULL, rate:0
2025-12-03 11:27:52, EXEC, v:1, k:poo@agenda, mode:FULL, rate:0, size:49
2025-12-03 11:27:53, EXEC, v:1, k:poo@agenda, mode:FULL, rate:0
2025-12-03 11:27:53, EXEC, v:1, k:poo@agenda, mode:FULL, rate:0
2025-12-03 11:33:17, EXEC, v:1, k:poo@agenda, mode:FULL, rate:0, size:55
2025-12-03 11:33:18, EXEC, v:1, k:poo@agenda, mode:FULL, rate:0
2025-12-03 11:33:18, EXEC, v:1, k:poo@agenda, mode:FULL, rate:0
2025-12-03 11:33:18, EXEC, v:1, k:poo@agenda, mode:FULL, rate:0
2025-12-03 11:33:21, EXEC, v:1, k:poo@agenda, mode:FULL, rate:0
2025-12-03 11:33:21, EXEC, v:1, k:poo@agenda, mode:FULL, rate:0
2025-12-03 11:44:56, EXEC, v:1, k:poo@agenda, mode:FULL, rate:0, size:58
2025-12-03 11:44:57, EXEC, v:1, k:poo@agenda, mode:FULL, rate:0
2025-12-03 11:44:57, EXEC, v:1, k:poo@agenda, mode:FULL, rate:0
2025-12-03 11:51:34, EXEC, v:1, k:poo@agenda, mode:FULL, rate:0, size:65
2025-12-03 11:51:37, EXEC, v:1, k:poo@agenda, mode:FULL, rate:0
2025-12-03 11:51:37, EXEC, v:1, k:poo@agenda, mode:FULL, rate:0
2025-12-03 11:51:38, EXEC, v:1, k:poo@agenda, mode:FULL, rate:0
2025-12-03 11:51:38, EXEC, v:1, k:poo@agenda, mode:FULL, rate:0
2025-12-03 11:51:38, EXEC, v:1, k:poo@agenda, mode:FULL, rate:0
2025-12-03 11:51:45, EXEC, v:1, k:poo@agenda, mode:FULL, rate:0
